<?xml version="1.0" encoding="UTF-8"?>
<!-- Generated by org.testng.reporters.JUnitReportReporter -->
<testsuite hostname="DESKTOP-383VIR5" failures="0" tests="1" name="Dayone.SeleniumTestOne" time="17.773" errors="0" timestamp="2021-12-30T17:25:54 IST" skipped="0">
  <testcase classname="Dayone.SeleniumTestOne" name="login" time="17.773"/>
  <system-out/>
</testsuite> <!-- Dayone.SeleniumTestOne -->
